  HGameEngine.cpp
f:\work\hgameengine\hgameengine\hgameengine\hgameengine\shader.h(105): error C2664: 'GLuint Shader::loadShader(GLenum,char *)': cannot convert argument 2 from 'const char []' to 'char *'
  f:\work\hgameengine\hgameengine\hgameengine\hgameengine\shader.h(105): note: Conversion loses qualifiers
f:\work\hgameengine\hgameengine\hgameengine\hgameengine\shader.h(106): error C2664: 'GLuint Shader::loadShader(GLenum,char *)': cannot convert argument 2 from 'const char []' to 'char *'
  f:\work\hgameengine\hgameengine\hgameengine\hgameengine\shader.h(106): note: Conversion loses qualifiers
f:\work\hgameengine\hgameengine\hgameengine\hgameengine\shader.h(108): error C2664: 'GLuint Shader::loadShader(GLenum,char *)': cannot convert argument 2 from 'const char []' to 'char *'
  f:\work\hgameengine\hgameengine\hgameengine\hgameengine\shader.h(108): note: Conversion loses qualifiers
f:\work\hgameengine\hgameengine\hgameengine\hgameengine\hgameengine.cpp(199): error C3867: 'std::basic_string<char,std::char_traits<char>,std::allocator<char>>::c_str': non-standard syntax; use '&' to create a pointer to member
f:\work\hgameengine\hgameengine\hgameengine\hgameengine\hgameengine.cpp(201): error C3867: 'std::basic_string<char,std::char_traits<char>,std::allocator<char>>::c_str': non-standard syntax; use '&' to create a pointer to member
f:\work\hgameengine\hgameengine\hgameengine\hgameengine\hgameengine.cpp(305): error C2664: 'void (GLuint)': cannot convert argument 1 from 'Shader' to 'GLuint'
  f:\work\hgameengine\hgameengine\hgameengine\hgameengine\hgameengine.cpp(305): note: No user-defined-conversion operator available that can perform this conversion, or the operator cannot be called
f:\work\hgameengine\hgameengine\hgameengine\hgameengine\hgameengine.cpp(307): error C2664: 'GLint (GLuint,const GLchar *)': cannot convert argument 1 from 'Shader' to 'GLuint'
  f:\work\hgameengine\hgameengine\hgameengine\hgameengine\hgameengine.cpp(307): note: No user-defined-conversion operator available that can perform this conversion, or the operator cannot be called
f:\work\hgameengine\hgameengine\hgameengine\hgameengine\hgameengine.cpp(308): error C2664: 'GLint (GLuint,const GLchar *)': cannot convert argument 1 from 'Shader' to 'GLuint'
  f:\work\hgameengine\hgameengine\hgameengine\hgameengine\hgameengine.cpp(308): note: No user-defined-conversion operator available that can perform this conversion, or the operator cannot be called
f:\work\hgameengine\hgameengine\hgameengine\hgameengine\hgameengine.cpp(309): error C2664: 'GLint (GLuint,const GLchar *)': cannot convert argument 1 from 'Shader' to 'GLuint'
  f:\work\hgameengine\hgameengine\hgameengine\hgameengine\hgameengine.cpp(309): note: No user-defined-conversion operator available that can perform this conversion, or the operator cannot be called
f:\work\hgameengine\hgameengine\hgameengine\hgameengine\hgameengine.cpp(311): error C2664: 'GLint (GLuint,const GLchar *)': cannot convert argument 1 from 'Shader' to 'GLuint'
  f:\work\hgameengine\hgameengine\hgameengine\hgameengine\hgameengine.cpp(311): note: No user-defined-conversion operator available that can perform this conversion, or the operator cannot be called
f:\work\hgameengine\hgameengine\hgameengine\hgameengine\hgameengine.cpp(312): error C2664: 'GLint (GLuint,const GLchar *)': cannot convert argument 1 from 'Shader' to 'GLuint'
  f:\work\hgameengine\hgameengine\hgameengine\hgameengine\hgameengine.cpp(312): note: No user-defined-conversion operator available that can perform this conversion, or the operator cannot be called
f:\work\hgameengine\hgameengine\hgameengine\hgameengine\hgameengine.cpp(333): error C2664: 'void (GLuint)': cannot convert argument 1 from 'Shader' to 'GLuint'
  f:\work\hgameengine\hgameengine\hgameengine\hgameengine\hgameengine.cpp(333): note: No user-defined-conversion operator available that can perform this conversion, or the operator cannot be called
f:\work\hgameengine\hgameengine\hgameengine\hgameengine\hgameengine.cpp(337): error C2664: 'GLint (GLuint,const GLchar *)': cannot convert argument 1 from 'Shader' to 'GLuint'
  f:\work\hgameengine\hgameengine\hgameengine\hgameengine\hgameengine.cpp(337): note: No user-defined-conversion operator available that can perform this conversion, or the operator cannot be called
f:\work\hgameengine\hgameengine\hgameengine\hgameengine\hgameengine.cpp(351): error C2664: 'GLint (GLuint,const GLchar *)': cannot convert argument 1 from 'Shader' to 'GLuint'
  f:\work\hgameengine\hgameengine\hgameengine\hgameengine\hgameengine.cpp(351): note: No user-defined-conversion operator available that can perform this conversion, or the operator cannot be called
f:\work\hgameengine\hgameengine\hgameengine\hgameengine\hgameengine.cpp(363): error C2664: 'GLint (GLuint,const GLchar *)': cannot convert argument 1 from 'Shader' to 'GLuint'
  f:\work\hgameengine\hgameengine\hgameengine\hgameengine\hgameengine.cpp(363): note: No user-defined-conversion operator available that can perform this conversion, or the operator cannot be called
